<?xml version="1.0" encoding="UTF-8"?>
<testng-results ignored="0" total="1" passed="1" failed="0" skipped="0">
  <reporter-output>
  </reporter-output>
  <suite started-at="2023-09-25T12:26:31 EDT" name="Suite" finished-at="2023-09-25T12:26:32 EDT" duration-ms="985">
    <groups>
    </groups>
    <test started-at="2023-09-25T12:26:31 EDT" name="Test" finished-at="2023-09-25T12:26:32 EDT" duration-ms="985">
      <class name="com.training.restapi.ApiAutomationUsers">
        <test-method signature="validateUser()[pri:0, instance:com.training.restapi.ApiAutomationUsers@36f0f1be]" started-at="2023-09-25T12:26:31 EDT" name="validateUser" finished-at="2023-09-25T12:26:32 EDT" duration-ms="974" status="PASS">
          <reporter-output>
          </reporter-output>
        </test-method> <!-- validateUser -->
      </class> <!-- com.training.restapi.ApiAutomationUsers -->
    </test> <!-- Test -->
  </suite> <!-- Suite -->
</testng-results>
