<?xml version="1.0" encoding="UTF-8"?>
<testng-results ignored="0" total="1" passed="1" failed="0" skipped="0">
  <reporter-output>
  </reporter-output>
  <suite started-at="2023-09-22T11:04:03 EDT" name="Default suite" finished-at="2023-09-22T11:04:04 EDT" duration-ms="1053">
    <groups>
    </groups>
    <test started-at="2023-09-22T11:04:03 EDT" name="Default test" finished-at="2023-09-22T11:04:04 EDT" duration-ms="1053">
      <class name="com.training.restapi.ApiAutomationUsers">
        <test-method signature="validateUser()[pri:0, instance:com.training.restapi.ApiAutomationUsers@10db82ae]" started-at="2023-09-22T11:04:03 EDT" name="validateUser" finished-at="2023-09-22T11:04:04 EDT" duration-ms="1040" status="PASS">
          <reporter-output>
          </reporter-output>
        </test-method> <!-- validateUser -->
      </class> <!-- com.training.restapi.ApiAutomationUsers -->
    </test> <!-- Default test -->
  </suite> <!-- Default suite -->
</testng-results>
